2026-04-21 20:12:39,612 INFO o.a.j.u.JMeterUtils: Setting Locale to en_EN
2026-04-21 20:12:39,644 INFO o.a.j.JMeter: Loading user properties from: C:\Users\user\Downloads\apache-jmeter-5.6.3\bin\user.properties
2026-04-21 20:12:39,645 INFO o.a.j.JMeter: Loading system properties from: C:\Users\user\Downloads\apache-jmeter-5.6.3\bin\system.properties
2026-04-21 20:12:39,655 INFO o.a.j.JMeter: Copyright (c) 1998-2024 The Apache Software Foundation
2026-04-21 20:12:39,655 INFO o.a.j.JMeter: Version 5.6.3
2026-04-21 20:12:39,656 INFO o.a.j.JMeter: java.version=22.0.1
2026-04-21 20:12:39,656 INFO o.a.j.JMeter: java.vm.name=Java HotSpot(TM) 64-Bit Server VM
2026-04-21 20:12:39,656 INFO o.a.j.JMeter: os.name=Windows 10
2026-04-21 20:12:39,656 INFO o.a.j.JMeter: os.arch=amd64
2026-04-21 20:12:39,656 INFO o.a.j.JMeter: os.version=10.0
2026-04-21 20:12:39,656 INFO o.a.j.JMeter: file.encoding=UTF-8
2026-04-21 20:12:39,656 INFO o.a.j.JMeter: java.awt.headless=true
2026-04-21 20:12:39,657 INFO o.a.j.JMeter: Max memory     =1073741824
2026-04-21 20:12:39,657 INFO o.a.j.JMeter: Available Processors =4
2026-04-21 20:12:39,669 INFO o.a.j.JMeter: Default Locale=English (EN)
2026-04-21 20:12:39,669 INFO o.a.j.JMeter: JMeter  Locale=English (EN)
2026-04-21 20:12:39,670 INFO o.a.j.JMeter: JMeterHome=C:\Users\user\Downloads\apache-jmeter-5.6.3
2026-04-21 20:12:39,670 INFO o.a.j.JMeter: user.dir  =C:\Users\user\IdeaProjects\Final_Internship_Projects\MegaProject
2026-04-21 20:12:39,670 INFO o.a.j.JMeter: PWD       =C:\Users\user\IdeaProjects\Final_Internship_Projects\MegaProject
2026-04-21 20:12:39,671 INFO o.a.j.JMeter: IP: 10.116.251.39 Name: DESKTOP-N52FEAH FullName: DESKTOP-N52FEAH
2026-04-21 20:12:39,699 INFO o.a.j.JMeter: Setting property 'jmeter.reportgenerator.outputdir' to:'C:\Users\user\IdeaProjects\Final_Internship_Projects\MegaProject\target\HTML_Report_20260421_201237'
2026-04-21 20:12:39,704 INFO o.a.j.s.FileServer: Default base='C:\Users\user\IdeaProjects\Final_Internship_Projects\MegaProject'
2026-04-21 20:12:39,706 INFO o.a.j.s.FileServer: Set new base='C:\Users\user\IdeaProjects\Final_Internship_Projects\MegaProject\src\test\resources\jmeter'
2026-04-21 20:12:40,042 INFO o.a.j.s.SaveService: Testplan (JMX) version: 2.2. Testlog (JTL) version: 2.2
2026-04-21 20:12:40,096 INFO o.a.j.s.SaveService: Using SaveService properties version 5.0
2026-04-21 20:12:40,101 INFO o.a.j.s.SaveService: Using SaveService properties file encoding UTF-8
2026-04-21 20:12:40,106 INFO o.a.j.s.SaveService: Loading file: C:\Users\user\IdeaProjects\Final_Internship_Projects\MegaProject\src\test\resources\jmeter\LoadTest.jmx
2026-04-21 20:12:40,214 INFO o.a.j.p.h.s.HTTPSamplerBase: Parser for text/html is org.apache.jmeter.protocol.http.parser.LagartoBasedHtmlParser
2026-04-21 20:12:40,214 INFO o.a.j.p.h.s.HTTPSamplerBase: Parser for application/xhtml+xml is org.apache.jmeter.protocol.http.parser.LagartoBasedHtmlParser
2026-04-21 20:12:40,215 INFO o.a.j.p.h.s.HTTPSamplerBase: Parser for application/xml is org.apache.jmeter.protocol.http.parser.LagartoBasedHtmlParser
2026-04-21 20:12:40,215 INFO o.a.j.p.h.s.HTTPSamplerBase: Parser for text/xml is org.apache.jmeter.protocol.http.parser.LagartoBasedHtmlParser
2026-04-21 20:12:40,215 INFO o.a.j.p.h.s.HTTPSamplerBase: Parser for text/vnd.wap.wml is org.apache.jmeter.protocol.http.parser.RegexpHTMLParser
2026-04-21 20:12:40,216 INFO o.a.j.p.h.s.HTTPSamplerBase: Parser for text/css is org.apache.jmeter.protocol.http.parser.CssParser
2026-04-21 20:12:40,261 INFO o.a.j.JMeter: Creating summariser <summary>
2026-04-21 20:12:40,267 INFO o.a.j.r.d.ReportGenerator: ReportGenerator will use for Parsing the separator: ','
2026-04-21 20:12:40,267 INFO o.a.j.r.d.ReportGenerator: Will generate report at end of test from  results file: C:\Users\user\IdeaProjects\Final_Internship_Projects\MegaProject\target\jmeter_results_20260421_201237.jtl
2026-04-21 20:12:40,267 INFO o.a.j.r.d.ReportGenerator: Reading report generator properties from: C:\Users\user\Downloads\apache-jmeter-5.6.3\bin\reportgenerator.properties
2026-04-21 20:12:40,268 INFO o.a.j.r.d.ReportGenerator: Merging with JMeter properties
2026-04-21 20:12:40,275 INFO o.a.j.r.c.ReportGeneratorConfiguration: Property 'jmeter.reportgenerator.temp_dir' not found, using default value 'temp' instead.
2026-04-21 20:12:40,279 INFO o.a.j.r.c.ReportGeneratorConfiguration: Property 'jmeter.reportgenerator.apdex_per_transaction' not found, using default value 'null' instead.
2026-04-21 20:12:40,279 INFO o.a.j.r.c.ReportGeneratorConfiguration: apdex_per_transaction is empty, not APDEX per transaction customization
2026-04-21 20:12:40,279 INFO o.a.j.r.c.ReportGeneratorConfiguration: Property 'jmeter.reportgenerator.sample_filter' not found, using default value 'null' instead.
2026-04-21 20:12:40,279 INFO o.a.j.r.c.ReportGeneratorConfiguration: Property 'jmeter.reportgenerator.report_title' not found, using default value 'null' instead.
2026-04-21 20:12:40,279 INFO o.a.j.r.c.ReportGeneratorConfiguration: Property 'jmeter.reportgenerator.start_date' not found, using default value 'null' instead.
2026-04-21 20:12:40,280 INFO o.a.j.r.c.ReportGeneratorConfiguration: Property 'jmeter.reportgenerator.end_date' not found, using default value 'null' instead.
2026-04-21 20:12:40,280 INFO o.a.j.r.c.ReportGeneratorConfiguration: Property 'jmeter.reportgenerator.date_format' not found, using default value 'null' instead.
2026-04-21 20:12:40,280 INFO o.a.j.r.c.ReportGeneratorConfiguration: Will use date range start date: null, end date: null
2026-04-21 20:12:40,286 INFO o.a.j.r.c.ReportGeneratorConfiguration: Property 'jmeter.reportgenerator.graph.totalTPS.exclude_controllers' not found, using default value 'false' instead.
2026-04-21 20:12:40,287 INFO o.a.j.r.c.ReportGeneratorConfiguration: Property 'jmeter.reportgenerator.graph.activeThreadsOverTime.exclude_controllers' not found, using default value 'false' instead.
2026-04-21 20:12:40,287 INFO o.a.j.r.c.ReportGeneratorConfiguration: Property 'jmeter.reportgenerator.graph.timeVsThreads.exclude_controllers' not found, using default value 'false' instead.
2026-04-21 20:12:40,287 INFO o.a.j.r.c.ReportGeneratorConfiguration: Property 'jmeter.reportgenerator.graph.responseTimeDistribution.exclude_controllers' not found, using default value 'false' instead.
2026-04-21 20:12:40,287 INFO o.a.j.r.c.ReportGeneratorConfiguration: Property 'jmeter.reportgenerator.graph.transactionsPerSecond.exclude_controllers' not found, using default value 'false' instead.
2026-04-21 20:12:40,288 INFO o.a.j.r.c.ReportGeneratorConfiguration: Property 'jmeter.reportgenerator.graph.responseTimePercentiles.exclude_controllers' not found, using default value 'false' instead.
2026-04-21 20:12:40,288 INFO o.a.j.r.c.ReportGeneratorConfiguration: Property 'jmeter.reportgenerator.graph.responseTimePercentilesOverTime.exclude_controllers' not found, using default value 'false' instead.
2026-04-21 20:12:40,288 INFO o.a.j.r.c.ReportGeneratorConfiguration: Property 'jmeter.reportgenerator.graph.responseTimesOverTime.exclude_controllers' not found, using default value 'false' instead.
2026-04-21 20:12:40,288 INFO o.a.j.r.c.ReportGeneratorConfiguration: Property 'jmeter.reportgenerator.graph.connectTimeOverTime.exclude_controllers' not found, using default value 'false' instead.
2026-04-21 20:12:40,289 INFO o.a.j.r.c.ReportGeneratorConfiguration: Property 'jmeter.reportgenerator.graph.latenciesOverTime.exclude_controllers' not found, using default value 'false' instead.
2026-04-21 20:12:40,290 INFO o.a.j.r.c.ReportGeneratorConfiguration: Property 'jmeter.reportgenerator.exporter.json.filters_only_sample_series' not found, using default value 'true' instead.
2026-04-21 20:12:40,290 INFO o.a.j.r.c.ReportGeneratorConfiguration: Property 'jmeter.reportgenerator.exporter.json.series_filter' not found, using default value '' instead.
2026-04-21 20:12:40,290 INFO o.a.j.r.c.ReportGeneratorConfiguration: Property 'jmeter.reportgenerator.exporter.json.show_controllers_only' not found, using default value 'false' instead.
2026-04-21 20:12:40,291 INFO o.a.j.r.c.ReportGeneratorConfiguration: Property 'jmeter.reportgenerator.exporter.html.filters_only_sample_series' not found, using default value 'true' instead.
2026-04-21 20:12:40,291 INFO o.a.j.r.c.ReportGeneratorConfiguration: Property 'jmeter.reportgenerator.exporter.html.series_filter' not found, using default value '' instead.
2026-04-21 20:12:40,291 INFO o.a.j.r.c.ReportGeneratorConfiguration: Property 'jmeter.reportgenerator.exporter.html.show_controllers_only' not found, using default value 'false' instead.
2026-04-21 20:12:40,310 INFO o.a.j.e.StandardJMeterEngine: Running the test!
2026-04-21 20:12:40,311 INFO o.a.j.s.SampleEvent: List of sample_variables: []
2026-04-21 20:12:40,311 INFO o.a.j.s.SampleEvent: List of sample_variables: []
2026-04-21 20:12:40,320 INFO o.a.j.e.u.CompoundVariable: Note: Function class names must contain the string: '.functions.'
2026-04-21 20:12:40,320 INFO o.a.j.e.u.CompoundVariable: Note: Function class names must not contain the string: '.gui.'
2026-04-21 20:12:40,455 INFO o.a.j.JMeter: Running test (1776782560455)
2026-04-21 20:12:40,497 INFO o.a.j.e.StandardJMeterEngine: Starting ThreadGroup: 1 : UI Load Users
2026-04-21 20:12:40,497 INFO o.a.j.e.StandardJMeterEngine: Starting 5 threads for group UI Load Users.
2026-04-21 20:12:40,497 INFO o.a.j.e.StandardJMeterEngine: Thread will continue on error
2026-04-21 20:12:40,498 INFO o.a.j.t.ThreadGroup: Starting thread group... number=1 threads=5 ramp-up=1 delayedStart=false
2026-04-21 20:12:40,505 INFO o.a.j.t.ThreadGroup: Started thread group number 1
2026-04-21 20:12:40,505 INFO o.a.j.e.StandardJMeterEngine: All thread groups have been started
2026-04-21 20:12:40,508 INFO o.a.j.t.JMeterThread: Thread started: UI Load Users 1-1
2026-04-21 20:12:40,532 INFO o.a.j.p.h.s.HTTPHCAbstractImpl: Local host = DESKTOP-N52FEAH
2026-04-21 20:12:40,539 INFO o.a.j.p.h.s.HTTPHC4Impl: HTTP request retry count = 0
2026-04-21 20:12:40,542 INFO o.a.j.s.SampleResult: Note: Sample TimeStamps are START times
2026-04-21 20:12:40,542 INFO o.a.j.s.SampleResult: sampleresult.default.encoding is set to UTF-8
2026-04-21 20:12:40,542 INFO o.a.j.s.SampleResult: sampleresult.useNanoTime=true
2026-04-21 20:12:40,542 INFO o.a.j.s.SampleResult: sampleresult.nanoThreadSleep=5000
2026-04-21 20:12:40,704 INFO o.a.j.t.JMeterThread: Thread started: UI Load Users 1-2
2026-04-21 20:12:40,903 INFO o.a.j.t.JMeterThread: Thread started: UI Load Users 1-3
2026-04-21 20:12:40,924 INFO o.a.j.p.h.s.h.LazyLayeredConnectionSocketFactory: Setting up HTTPS TrustAll Socket Factory
2026-04-21 20:12:40,951 INFO o.a.j.u.JsseSSLManager: Using default SSL protocol: TLS
2026-04-21 20:12:40,951 INFO o.a.j.u.JsseSSLManager: SSL session context: per-thread
2026-04-21 20:12:41,102 INFO o.a.j.t.JMeterThread: Thread started: UI Load Users 1-4
2026-04-21 20:12:41,301 INFO o.a.j.t.JMeterThread: Thread started: UI Load Users 1-5
2026-04-21 20:12:41,371 INFO o.a.j.u.SSLManager: JmeterKeyStore Location:  type JKS
2026-04-21 20:12:41,378 INFO o.a.j.u.SSLManager: KeyStore created OK
2026-04-21 20:12:41,378 WARN o.a.j.u.SSLManager: Keystore file not found, loading empty keystore
2026-04-21 20:12:42,630 INFO o.a.j.t.JMeterThread: Thread is done: UI Load Users 1-2
2026-04-21 20:12:42,630 INFO o.a.j.t.JMeterThread: Thread finished: UI Load Users 1-2
2026-04-21 20:12:42,630 INFO o.a.j.t.JMeterThread: Thread is done: UI Load Users 1-5
2026-04-21 20:12:42,631 INFO o.a.j.t.JMeterThread: Thread is done: UI Load Users 1-3
2026-04-21 20:12:42,631 INFO o.a.j.t.JMeterThread: Thread finished: UI Load Users 1-5
2026-04-21 20:12:42,631 INFO o.a.j.t.JMeterThread: Thread finished: UI Load Users 1-3
2026-04-21 20:12:42,630 INFO o.a.j.t.JMeterThread: Thread is done: UI Load Users 1-1
2026-04-21 20:12:42,631 INFO o.a.j.t.JMeterThread: Thread finished: UI Load Users 1-1
2026-04-21 20:12:43,227 INFO o.a.j.t.JMeterThread: Thread is done: UI Load Users 1-4
2026-04-21 20:12:43,227 INFO o.a.j.t.JMeterThread: Thread finished: UI Load Users 1-4
2026-04-21 20:12:43,228 INFO o.a.j.e.StandardJMeterEngine: Notifying test listeners of end of test
2026-04-21 20:12:43,234 INFO o.a.j.r.Summariser: summary =      5 in 00:00:03 =    1.8/s Avg:  1811 Min:  1322 Max:  2121 Err:     0 (0.00%)
2026-04-21 20:12:43,235 INFO o.a.j.JMeter: Generating Dashboard
2026-04-21 20:12:43,235 INFO o.a.j.r.d.ReportGenerator: Flushing result collector before report Generation
2026-04-21 20:12:43,262 INFO o.a.j.r.p.NormalizerSampleConsumer: Using format, 'ms', to parse timeStamp field
2026-04-21 20:12:43,350 INFO o.a.j.r.p.AbstractSampleConsumer: class org.apache.jmeter.report.processor.AggregateConsumer#stopProducing(): beginDate produced 0 samples
2026-04-21 20:12:43,351 INFO o.a.j.r.p.AbstractSampleConsumer: class org.apache.jmeter.report.processor.AggregateConsumer#stopProducing(): endDate produced 0 samples
2026-04-21 20:12:43,355 INFO o.a.j.r.p.AbstractSampleConsumer: class org.apache.jmeter.report.processor.ApdexSummaryConsumer#stopProducing(): apdexSummary produced 0 samples
2026-04-21 20:12:43,355 INFO o.a.j.r.p.AbstractSampleConsumer: class org.apache.jmeter.report.processor.RequestsSummaryConsumer#stopProducing(): requestsSummary produced 0 samples
2026-04-21 20:12:43,366 INFO o.a.j.r.p.AbstractSampleConsumer: class org.apache.jmeter.report.processor.StatisticsSummaryConsumer#stopProducing(): statisticsSummary produced 0 samples
2026-04-21 20:12:43,368 INFO o.a.j.r.p.AbstractSampleConsumer: class org.apache.jmeter.report.processor.Top5ErrorsBySamplerConsumer#stopProducing(): top5ErrorsBySampler produced 0 samples
2026-04-21 20:12:43,369 INFO o.a.j.r.p.AbstractSampleConsumer: class org.apache.jmeter.report.processor.ErrorsSummaryConsumer#stopProducing(): errorsSummary produced 0 samples
2026-04-21 20:12:43,369 INFO o.a.j.r.p.AbstractSampleConsumer: class org.apache.jmeter.report.processor.graph.impl.HitsPerSecondGraphConsumer#stopProducing(): hitsPerSecond produced 0 samples
2026-04-21 20:12:43,389 INFO o.a.j.r.p.AbstractSampleConsumer: class org.apache.jmeter.report.processor.graph.impl.LatencyVSRequestGraphConsumer#stopProducing(): latencyVsRequest produced 0 samples
2026-04-21 20:12:43,389 INFO o.a.j.r.p.AbstractSampleConsumer: class org.apache.jmeter.report.processor.graph.impl.SyntheticResponseTimeDistributionGraphConsumer#stopProducing(): syntheticResponseTimeDistribution produced 0 samples
2026-04-21 20:12:43,390 INFO o.a.j.r.p.AbstractSampleConsumer: class org.apache.jmeter.report.processor.graph.impl.BytesThroughputGraphConsumer#stopProducing(): bytesThroughputOverTime produced 0 samples
2026-04-21 20:12:43,390 INFO o.a.j.r.p.AbstractSampleConsumer: class org.apache.jmeter.report.processor.graph.impl.CodesPerSecondGraphConsumer#stopProducing(): codesPerSecond produced 0 samples
2026-04-21 20:12:43,397 INFO o.a.j.r.p.AbstractSampleConsumer: class org.apache.jmeter.report.processor.graph.impl.ResponseTimeVSRequestGraphConsumer#stopProducing(): responseTimeVsRequest produced 0 samples
2026-04-21 20:12:43,397 INFO o.a.j.r.p.AbstractSampleConsumer: class org.apache.jmeter.report.processor.FilterConsumer#stopProducing(): startIntervalControlerFilter produced 35 samples
2026-04-21 20:12:43,397 INFO o.a.j.r.p.AbstractSampleConsumer: class org.apache.jmeter.report.processor.graph.impl.TotalTPSGraphConsumer#stopProducing(): totalTPS produced 0 samples
2026-04-21 20:12:43,397 INFO o.a.j.r.p.AbstractSampleConsumer: class org.apache.jmeter.report.processor.graph.impl.ActiveThreadsGraphConsumer#stopProducing(): activeThreadsOverTime produced 0 samples
2026-04-21 20:12:43,398 INFO o.a.j.r.p.AbstractSampleConsumer: class org.apache.jmeter.report.processor.graph.impl.TimeVSThreadGraphConsumer#stopProducing(): timeVsThreads produced 0 samples
2026-04-21 20:12:43,398 INFO o.a.j.r.p.AbstractSampleConsumer: class org.apache.jmeter.report.processor.graph.impl.ResponseTimeDistributionGraphConsumer#stopProducing(): responseTimeDistribution produced 0 samples
2026-04-21 20:12:43,398 INFO o.a.j.r.p.AbstractSampleConsumer: class org.apache.jmeter.report.processor.graph.impl.TransactionsPerSecondGraphConsumer#stopProducing(): transactionsPerSecond produced 0 samples
2026-04-21 20:12:43,398 INFO o.a.j.r.p.AbstractSampleConsumer: class org.apache.jmeter.report.processor.graph.impl.ResponseTimePercentilesGraphConsumer#stopProducing(): responseTimePercentiles produced 0 samples
2026-04-21 20:12:43,399 INFO o.a.j.r.p.AbstractSampleConsumer: class org.apache.jmeter.report.processor.graph.impl.ResponseTimePercentilesOverTimeGraphConsumer#stopProducing(): responseTimePercentilesOverTime produced 0 samples
2026-04-21 20:12:43,399 INFO o.a.j.r.p.AbstractSampleConsumer: class org.apache.jmeter.report.processor.graph.impl.ResponseTimeOverTimeGraphConsumer#stopProducing(): responseTimesOverTime produced 0 samples
2026-04-21 20:12:43,400 INFO o.a.j.r.p.AbstractSampleConsumer: class org.apache.jmeter.report.processor.graph.impl.ConnectTimeOverTimeGraphConsumer#stopProducing(): connectTimeOverTime produced 0 samples
2026-04-21 20:12:43,400 INFO o.a.j.r.p.AbstractSampleConsumer: class org.apache.jmeter.report.processor.graph.impl.LatencyOverTimeGraphConsumer#stopProducing(): latenciesOverTime produced 0 samples
2026-04-21 20:12:43,400 INFO o.a.j.r.p.AbstractSampleConsumer: class org.apache.jmeter.report.processor.FilterConsumer#stopProducing(): nameFilter produced 75 samples
2026-04-21 20:12:43,400 INFO o.a.j.r.p.AbstractSampleConsumer: class org.apache.jmeter.report.processor.FilterConsumer#stopProducing(): dateRangeFilter produced 15 samples
2026-04-21 20:12:43,400 INFO o.a.j.r.p.AbstractSampleConsumer: class org.apache.jmeter.report.processor.NormalizerSampleConsumer#stopProducing(): normalizer produced 5 samples
2026-04-21 20:12:43,401 INFO o.a.j.r.p.CsvFileSampleSource: produce(): 5 samples produced in 95ms on channel 0
2026-04-21 20:12:43,401 INFO o.a.j.r.d.ReportGenerator: Exporting data using exporter:'json' of className:'org.apache.jmeter.report.dashboard.JsonExporter'
2026-04-21 20:12:43,555 INFO o.a.j.r.d.JsonExporter: Found data for consumer statisticsSummary in context
2026-04-21 20:12:43,555 INFO o.a.j.r.d.JsonExporter: Creating statistics for overall
2026-04-21 20:12:43,556 INFO o.a.j.r.d.JsonExporter: Creating statistics for other transactions
2026-04-21 20:12:43,556 INFO o.a.j.r.d.JsonExporter: Checking output folder
2026-04-21 20:12:43,557 INFO o.a.j.r.d.JsonExporter: Writing statistics JSON to C:\Users\user\IdeaProjects\Final_Internship_Projects\MegaProject\target\HTML_Report_20260421_201237\statistics.json
2026-04-21 20:12:43,638 INFO o.a.j.r.d.ReportGenerator: Exporting data using exporter:'html' of className:'org.apache.jmeter.report.dashboard.HtmlTemplateExporter'
2026-04-21 20:12:43,642 INFO o.a.j.r.d.HtmlTemplateExporter: Will generate dashboard in folder: C:\Users\user\IdeaProjects\Final_Internship_Projects\MegaProject\target\HTML_Report_20260421_201237
2026-04-21 20:12:43,832 INFO o.a.j.r.d.HtmlTemplateExporter: Report will be generated in: C:\Users\user\IdeaProjects\Final_Internship_Projects\MegaProject\target\HTML_Report_20260421_201237, creating folder structure
2026-04-21 20:12:43,836 INFO o.a.j.r.d.TemplateVisitor: Copying folder from 'C:\Users\user\Downloads\apache-jmeter-5.6.3\bin\report-template' to 'C:\Users\user\IdeaProjects\Final_Internship_Projects\MegaProject\target\HTML_Report_20260421_201237', got message: C:\Users\user\IdeaProjects\Final_Internship_Projects\MegaProject\target\HTML_Report_20260421_201237, found non empty folder with following content [C:\Users\user\IdeaProjects\Final_Internship_Projects\MegaProject\target\HTML_Report_20260421_201237\statistics.json], will be ignored
2026-04-21 20:12:44,499 INFO o.a.j.JMeter: Dashboard generated
